<?xml version="1.0" encoding="UTF-8"?>
<!-- Generated by org.testng.reporters.JUnitXMLReporter -->
<testsuite ignored="0" hostname="DESKTOP-510UADQ" failures="0" tests="3" name="Default test(failed)" time="0.253" errors="0" timestamp="2022-07-28T23:04:22 IST">
  <testcase classname="com.Data_provider.Runner_demo2" name="details" time="0.017"/>
  <testcase classname="com.Data_provider.Runner_demo2" name="details" time="0.004"/>
  <testcase classname="com.Data_provider.Runner_demo2" name="details" time="0.012"/>
</testsuite> <!-- Default test(failed) -->
