<?xml version="1.0" encoding="UTF-8"?>
<testng-results ignored="0" total="1" passed="1" failed="0" skipped="0">
  <reporter-output>
  </reporter-output>
  <suite started-at="2022-07-31T20:33:33 IST" name="Default suite" finished-at="2022-07-31T20:33:37 IST" duration-ms="4341">
    <groups>
    </groups>
    <test started-at="2022-07-31T20:33:33 IST" name="Default test" finished-at="2022-07-31T20:33:37 IST" duration-ms="4341">
      <class name="com.listner.Runner_Retry_analyser">
        <test-method signature="Adactin()[pri:0, instance:com.listner.Runner_Retry_analyser@3104351d]" started-at="2022-07-31T20:33:33 IST" name="Adactin" finished-at="2022-07-31T20:33:37 IST" duration-ms="4185" status="PASS">
          <reporter-output>
          </reporter-output>
        </test-method> <!-- Adactin -->
      </class> <!-- com.listner.Runner_Retry_analyser -->
    </test> <!-- Default test -->
  </suite> <!-- Default suite -->
</testng-results>
